V:\VS2012\PROJECTS\LEARNINGCPP\HELLOWORLD\DEBUG\HELLOWORLD.OBJ
V:\VS2012\PROJECTS\LEARNINGCPP\HELLOWORLD\DEBUG\VC110.PDB
V:\VS2012\PROJECTS\LEARNINGCPP\DEBUG\HELLOWORLD.ILK
V:\VS2012\PROJECTS\LEARNINGCPP\DEBUG\HELLOWORLD.EXE
V:\VS2012\PROJECTS\LEARNINGCPP\DEBUG\HELLOWORLD.PDB
V:\vs2012\projects\LearningCpp\HelloWorld\Debug\HelloWorld.obj
V:\vs2012\projects\LearningCpp\HelloWorld\Debug\CL.read.1.tlog
V:\vs2012\projects\LearningCpp\HelloWorld\Debug\CL.write.1.tlog
V:\vs2012\projects\LearningCpp\HelloWorld\Debug\cl.command.1.tlog
V:\vs2012\projects\LearningCpp\HelloWorld\Debug\link-rc.read.1.tlog
V:\vs2012\projects\LearningCpp\HelloWorld\Debug\link-rc.write.1.tlog
V:\vs2012\projects\LearningCpp\HelloWorld\Debug\link-cvtres.read.1.tlog
V:\vs2012\projects\LearningCpp\HelloWorld\Debug\link-cvtres.write.1.tlog
V:\vs2012\projects\LearningCpp\HelloWorld\Debug\link.read.1.tlog
V:\vs2012\projects\LearningCpp\HelloWorld\Debug\link.write.1.tlog
V:\vs2012\projects\LearningCpp\HelloWorld\Debug\link.command.1.tlog
V:\vs2012\projects\LearningCpp\HelloWorld\Debug\vc110.idb
V:\vs2012\projects\LearningCpp\HelloWorld\Debug\vc110.pdb
V:\vs2012\projects\LearningCpp\Debug\HelloWorld.pdb
V:\vs2012\projects\LearningCpp\Debug\HelloWorld.exe
V:\vs2012\projects\LearningCpp\Debug\HelloWorld.ilk
