V:\VS2012\PROJECTS\LEARNINGCPP\OPERATOREXERCISE\DEBUG\OPERATOREXERCISE.OBJ
V:\VS2012\PROJECTS\LEARNINGCPP\OPERATOREXERCISE\DEBUG\VC110.PDB
V:\VS2012\PROJECTS\LEARNINGCPP\DEBUG\OPERATOREXERCISE.ILK
V:\VS2012\PROJECTS\LEARNINGCPP\DEBUG\OPERATOREXERCISE.EXE
V:\VS2012\PROJECTS\LEARNINGCPP\DEBUG\OPERATOREXERCISE.PDB
V:\vs2012\projects\LearningCpp\OperatorExercise\Debug\OperatorExercise.obj
V:\vs2012\projects\LearningCpp\OperatorExercise\Debug\CL.read.1.tlog
V:\vs2012\projects\LearningCpp\OperatorExercise\Debug\CL.write.1.tlog
V:\vs2012\projects\LearningCpp\OperatorExercise\Debug\cl.command.1.tlog
V:\vs2012\projects\LearningCpp\OperatorExercise\Debug\link-rc.read.1.tlog
V:\vs2012\projects\LearningCpp\OperatorExercise\Debug\link-rc.write.1.tlog
V:\vs2012\projects\LearningCpp\OperatorExercise\Debug\link-cvtres.read.1.tlog
V:\vs2012\projects\LearningCpp\OperatorExercise\Debug\link-cvtres.write.1.tlog
V:\vs2012\projects\LearningCpp\OperatorExercise\Debug\link.read.1.tlog
V:\vs2012\projects\LearningCpp\OperatorExercise\Debug\link.write.1.tlog
V:\vs2012\projects\LearningCpp\OperatorExercise\Debug\link.command.1.tlog
V:\vs2012\projects\LearningCpp\OperatorExercise\Debug\vc110.idb
V:\vs2012\projects\LearningCpp\OperatorExercise\Debug\vc110.pdb
V:\vs2012\projects\LearningCpp\Debug\OperatorExercise.pdb
V:\vs2012\projects\LearningCpp\Debug\OperatorExercise.exe
V:\vs2012\projects\LearningCpp\Debug\OperatorExercise.ilk
